<?xml version="1.0" encoding="UTF-8"?>
<testsuites name="LoginandBooking" time="107.706" tests="2" failures="0" errors="0">
   <testsuite name="LoginandBooking" tests="2" failures="0" errors="0" time="107.706" skipped="0" timestamp="2023-02-07 22:04:26" hostname="Admin - DEOLINDO.home" id="Test Suites/LoginandBooking">
      <properties>
         <property name="deviceName" value=""/>
         <property name="devicePlatform" value=""/>
         <property name="logFolder" value="C:\\Users\\Admin\\Katalon Studio\\katalon-practice (1)\\Reports\\20230207_220404\\LoginandBooking\\20230207_220406"/>
         <property name="logFiles" value="C:\\Users\\Admin\\Katalon Studio\\katalon-practice (1)\\Reports\\20230207_220404\\LoginandBooking\\20230207_220406\\execution0.log"/>
         <property name="attachments" value=""/>
         <property name="hostName" value="Admin - DEOLINDO.home"/>
         <property name="os" value="Windows 10 64bit"/>
         <property name="katalonVersion" value="8.5.5.208"/>
         <property name="browser" value="Chrome 109.0.0.0"/>
         <property name="hostAddress" value="192.168.1.171"/>
         <property name="sessionId" value="31b470dc154362f29ee4c4b16eea2b4b"/>
         <property name="seleniumVersion" value="3.141.59"/>
         <property name="proxyInformation" value="ProxyInformation { proxyOption=NO_PROXY, proxyServerType=HTTP, username=, password=********, proxyServerAddress=, proxyServerPort=0, executionList=&quot;&quot;, isApplyToDesiredCapabilities=true }"/>
         <property name="platform" value="Windows 10"/>
      </properties>
      <testcase name="Test Cases/Demo Project/Login" time="37.755" classname="Test Cases/Demo Project/Login" status="PASSED">
         <system-out><![CDATA[2023-02-07 22:04:27 - [TEST_CASE][PASSED] - Test Cases/Demo Project/Login: Test Cases/Demo Project/Login

2023-02-07 22:04:29 - [TEST_STEP][PASSED] - openBrowser(""): Browser is opened with url: ''

2023-02-07 22:04:30 - [MESSAGE][INFO] - Starting 'Chrome' driver

2023-02-07 22:04:31 - [MESSAGE][INFO] - Action delay is set to 0 milliseconds

2023-02-07 22:04:42 - [MESSAGE][PASSED] - Browser is opened with url: ''

2023-02-07 22:04:42 - [TEST_STEP][PASSED] - navigateToUrl("https://katalon-demo-cura.herokuapp.com/"): Navigate to 'https://katalon-demo-cura.herokuapp.com/' successfully

2023-02-07 22:04:50 - [MESSAGE][PASSED] - Navigate to 'https://katalon-demo-cura.herokuapp.com/' successfully

2023-02-07 22:04:50 - [TEST_STEP][PASSED] - click(findTestObject("Object Repository/Page_CURA Healthcare Service/a_Make Appointment")): Object: 'Object Repository/Page_CURA Healthcare Service/a_Make Appointment' is clicked on

2023-02-07 22:04:53 - [MESSAGE][PASSED] - Object: 'Object Repository/Page_CURA Healthcare Service/a_Make Appointment' is clicked on

2023-02-07 22:04:53 - [TEST_STEP][PASSED] - setText(findTestObject("Object Repository/Page_CURA Healthcare Service/input_Username_username"), "John Doe"): Text 'John Doe' is set on object 'Object Repository/Page_CURA Healthcare Service/input_Username_username'

2023-02-07 22:04:57 - [MESSAGE][PASSED] - Text 'John Doe' is set on object 'Object Repository/Page_CURA Healthcare Service/input_Username_username'

2023-02-07 22:04:57 - [TEST_STEP][PASSED] - setEncryptedText(findTestObject("Object Repository/Page_CURA Healthcare Service/input_Password_password"), "g3/DOGG74jC3Flrr3yH+3D/yKbOqqUNM"): Text ****** has been set on object 'Object Repository/Page_CURA Healthcare Service/input_Password_password'

2023-02-07 22:05:00 - [MESSAGE][PASSED] - Text ****** has been set on object 'Object Repository/Page_CURA Healthcare Service/input_Password_password'

2023-02-07 22:05:00 - [TEST_STEP][PASSED] - click(findTestObject("Object Repository/Page_CURA Healthcare Service/button_Login")): Object: 'Object Repository/Page_CURA Healthcare Service/button_Login' is clicked on

2023-02-07 22:05:04 - [MESSAGE][PASSED] - Object: 'Object Repository/Page_CURA Healthcare Service/button_Login' is clicked on]]></system-out>
         <system-err><![CDATA[]]></system-err>
      </testcase>
      <testcase name="Test Cases/Demo Project/BookingAnAppointment" time="68.96" classname="Test Cases/Demo Project/BookingAnAppointment" status="PASSED">
         <system-out><![CDATA[2023-02-07 22:05:04 - [TEST_CASE][PASSED] - Test Cases/Demo Project/BookingAnAppointment: Test Cases/Demo Project/BookingAnAppointment

2023-02-07 22:05:06 - [TEST_STEP][PASSED] - callTestCase(findTestCase("Demo Project/Login"), [:], STOP_ON_FAILURE): Call Test Case 'Test Cases/Demo Project/Login' successfully

2023-02-07 22:05:06 - [TEST_CASE][PASSED] - Test Cases/Demo Project/Login: Test Cases/Demo Project/Login

2023-02-07 22:05:07 - [TEST_STEP][PASSED] - openBrowser(""): Browser is opened with url: ''

2023-02-07 22:05:07 - [MESSAGE][WARNING] - A browser is already opened. Closing browser and opening a new one

2023-02-07 22:05:17 - [MESSAGE][INFO] - Starting 'Chrome' driver

2023-02-07 22:05:17 - [MESSAGE][INFO] - Action delay is set to 0 milliseconds

2023-02-07 22:05:28 - [MESSAGE][PASSED] - Browser is opened with url: ''

2023-02-07 22:05:28 - [TEST_STEP][PASSED] - navigateToUrl("https://katalon-demo-cura.herokuapp.com/"): Navigate to 'https://katalon-demo-cura.herokuapp.com/' successfully

2023-02-07 22:05:57 - [MESSAGE][PASSED] - Navigate to 'https://katalon-demo-cura.herokuapp.com/' successfully

2023-02-07 22:05:57 - [TEST_STEP][PASSED] - click(findTestObject("Object Repository/Page_CURA Healthcare Service/a_Make Appointment")): Object: 'Object Repository/Page_CURA Healthcare Service/a_Make Appointment' is clicked on

2023-02-07 22:05:59 - [MESSAGE][PASSED] - Object: 'Object Repository/Page_CURA Healthcare Service/a_Make Appointment' is clicked on

2023-02-07 22:05:59 - [TEST_STEP][PASSED] - setText(findTestObject("Object Repository/Page_CURA Healthcare Service/input_Username_username"), "John Doe"): Text 'John Doe' is set on object 'Object Repository/Page_CURA Healthcare Service/input_Username_username'

2023-02-07 22:06:01 - [MESSAGE][PASSED] - Text 'John Doe' is set on object 'Object Repository/Page_CURA Healthcare Service/input_Username_username'

2023-02-07 22:06:01 - [TEST_STEP][PASSED] - setEncryptedText(findTestObject("Object Repository/Page_CURA Healthcare Service/input_Password_password"), "g3/DOGG74jC3Flrr3yH+3D/yKbOqqUNM"): Text ****** has been set on object 'Object Repository/Page_CURA Healthcare Service/input_Password_password'

2023-02-07 22:06:02 - [MESSAGE][PASSED] - Text ****** has been set on object 'Object Repository/Page_CURA Healthcare Service/input_Password_password'

2023-02-07 22:06:02 - [TEST_STEP][PASSED] - click(findTestObject("Object Repository/Page_CURA Healthcare Service/button_Login")): Object: 'Object Repository/Page_CURA Healthcare Service/button_Login' is clicked on

2023-02-07 22:06:03 - [MESSAGE][PASSED] - Object: 'Object Repository/Page_CURA Healthcare Service/button_Login' is clicked on

2023-02-07 22:06:03 - [MESSAGE][PASSED] - Call Test Case 'Test Cases/Demo Project/Login' successfully

2023-02-07 22:06:03 - [TEST_STEP][PASSED] - selectOptionByValue(findTestObject("Object Repository/Page_CURA Healthcare Service/select_Tokyo CURA Healthcare Center        _5b4107"), "Hongkong CURA Healthcare Center", true): All options with value 'Hongkong CURA Healthcare Center' are selected in object 'Object Repository/Page_CURA Healthcare Service/select_Tokyo CURA Healthcare Center        _5b4107'  using regular expression

2023-02-07 22:06:07 - [MESSAGE][PASSED] - All options with value 'Hongkong CURA Healthcare Center' are selected in object 'Object Repository/Page_CURA Healthcare Service/select_Tokyo CURA Healthcare Center        _5b4107'  using regular expression

2023-02-07 22:06:07 - [TEST_STEP][PASSED] - click(findTestObject("Object Repository/Page_CURA Healthcare Service/input_Apply for hospital readmission_hospit_63901f")): Object: 'Object Repository/Page_CURA Healthcare Service/input_Apply for hospital readmission_hospit_63901f' is clicked on

2023-02-07 22:06:08 - [MESSAGE][PASSED] - Object: 'Object Repository/Page_CURA Healthcare Service/input_Apply for hospital readmission_hospit_63901f' is clicked on

2023-02-07 22:06:08 - [TEST_STEP][PASSED] - click(findTestObject("Object Repository/Page_CURA Healthcare Service/input_Medicaid_programs")): Object: 'Object Repository/Page_CURA Healthcare Service/input_Medicaid_programs' is clicked on

2023-02-07 22:06:08 - [MESSAGE][PASSED] - Object: 'Object Repository/Page_CURA Healthcare Service/input_Medicaid_programs' is clicked on

2023-02-07 22:06:08 - [TEST_STEP][PASSED] - click(findTestObject("Object Repository/Page_CURA Healthcare Service/input_Visit Date (Required)_visit_date")): Object: 'Object Repository/Page_CURA Healthcare Service/input_Visit Date (Required)_visit_date' is clicked on

2023-02-07 22:06:09 - [MESSAGE][PASSED] - Object: 'Object Repository/Page_CURA Healthcare Service/input_Visit Date (Required)_visit_date' is clicked on

2023-02-07 22:06:09 - [TEST_STEP][PASSED] - click(findTestObject("Object Repository/Page_CURA Healthcare Service/td_31")): Object: 'Object Repository/Page_CURA Healthcare Service/td_31' is clicked on

2023-02-07 22:06:10 - [MESSAGE][PASSED] - Object: 'Object Repository/Page_CURA Healthcare Service/td_31' is clicked on

2023-02-07 22:06:10 - [TEST_STEP][PASSED] - setText(findTestObject("Object Repository/Page_CURA Healthcare Service/textarea_Comment_comment"), "Practicing automation testing"): Text 'Practicing automation testing' is set on object 'Object Repository/Page_CURA Healthcare Service/textarea_Comment_comment'

2023-02-07 22:06:11 - [MESSAGE][PASSED] - Text 'Practicing automation testing' is set on object 'Object Repository/Page_CURA Healthcare Service/textarea_Comment_comment'

2023-02-07 22:06:11 - [TEST_STEP][PASSED] - click(findTestObject("Object Repository/Page_CURA Healthcare Service/button_Book Appointment")): Object: 'Object Repository/Page_CURA Healthcare Service/button_Book Appointment' is clicked on

2023-02-07 22:06:13 - [MESSAGE][PASSED] - Object: 'Object Repository/Page_CURA Healthcare Service/button_Book Appointment' is clicked on]]></system-out>
         <system-err><![CDATA[]]></system-err>
      </testcase>
      <system-out><![CDATA[2023-02-07 22:04:26 - [TEST_SUITE][PASSED] - LoginandBooking: Test Cases/Demo Project/BookingAnAppointment]]></system-out>
      <system-err><![CDATA[]]></system-err>
   </testsuite>
</testsuites>
