<?xml version="1.0" encoding="UTF-8"?>
<testsuites name="LoginandBooking" time="25.122" tests="2" failures="0" errors="0">
   <testsuite name="LoginandBooking" tests="2" failures="0" errors="0" time="25.122" skipped="0" timestamp="2023-01-25 08:08:21" hostname="deolindo.francisco - NOT-TIS-CON03.TISTECH.LAN" id="Test Suites/LoginandBooking">
      <properties>
         <property name="deviceName" value=""/>
         <property name="devicePlatform" value=""/>
         <property name="logFolder" value="C:\\Users\\deolindo.francisco\\git\\katalon-practice\\Reports\\20230125_080818\\LoginandBooking\\20230125_080818"/>
         <property name="logFiles" value="C:\\Users\\deolindo.francisco\\git\\katalon-practice\\Reports\\20230125_080818\\LoginandBooking\\20230125_080818\\execution0.log"/>
         <property name="attachments" value=""/>
         <property name="hostName" value="deolindo.francisco - NOT-TIS-CON03.TISTECH.LAN"/>
         <property name="os" value="Windows 10 64bit"/>
         <property name="katalonVersion" value="8.5.5.208"/>
         <property name="browser" value="Chrome 109.0.0.0"/>
         <property name="hostAddress" value="10.246.0.30"/>
         <property name="sessionId" value="0e5e2a46a33a5615d97d9aff67dc1264"/>
         <property name="seleniumVersion" value="3.141.59"/>
         <property name="proxyInformation" value="ProxyInformation { proxyOption=NO_PROXY, proxyServerType=HTTP, username=, password=********, proxyServerAddress=, proxyServerPort=0, executionList=&quot;&quot;, isApplyToDesiredCapabilities=true }"/>
         <property name="platform" value="Windows 10"/>
      </properties>
      <testcase name="Test Cases/Login" time="9.212" classname="Test Cases/Login" status="PASSED">
         <system-out><![CDATA[2023-01-25 08:08:22 - [TEST_CASE][PASSED] - Test Cases/Login: Test Cases/Login

2023-01-25 08:08:22 - [TEST_STEP][PASSED] - openBrowser(""): Browser is opened with url: ''

2023-01-25 08:08:22 - [MESSAGE][INFO] - Starting 'Chrome' driver

2023-01-25 08:08:22 - [MESSAGE][INFO] - Action delay is set to 0 milliseconds

2023-01-25 08:08:24 - [MESSAGE][PASSED] - Browser is opened with url: ''

2023-01-25 08:08:24 - [TEST_STEP][PASSED] - navigateToUrl("https://katalon-demo-cura.herokuapp.com/"): Navigate to 'https://katalon-demo-cura.herokuapp.com/' successfully

2023-01-25 08:08:28 - [MESSAGE][PASSED] - Navigate to 'https://katalon-demo-cura.herokuapp.com/' successfully

2023-01-25 08:08:28 - [TEST_STEP][PASSED] - click(findTestObject("Object Repository/Page_CURA Healthcare Service/a_Make Appointment")): Object: 'Object Repository/Page_CURA Healthcare Service/a_Make Appointment' is clicked on

2023-01-25 08:08:29 - [MESSAGE][PASSED] - Object: 'Object Repository/Page_CURA Healthcare Service/a_Make Appointment' is clicked on

2023-01-25 08:08:29 - [TEST_STEP][PASSED] - setText(findTestObject("Object Repository/Page_CURA Healthcare Service/input_Username_username"), "John Doe"): Text 'John Doe' is set on object 'Object Repository/Page_CURA Healthcare Service/input_Username_username'

2023-01-25 08:08:29 - [MESSAGE][PASSED] - Text 'John Doe' is set on object 'Object Repository/Page_CURA Healthcare Service/input_Username_username'

2023-01-25 08:08:29 - [TEST_STEP][PASSED] - setEncryptedText(findTestObject("Object Repository/Page_CURA Healthcare Service/input_Password_password"), "g3/DOGG74jC3Flrr3yH+3D/yKbOqqUNM"): Text ****** has been set on object 'Object Repository/Page_CURA Healthcare Service/input_Password_password'

2023-01-25 08:08:30 - [MESSAGE][PASSED] - Text ****** has been set on object 'Object Repository/Page_CURA Healthcare Service/input_Password_password'

2023-01-25 08:08:30 - [TEST_STEP][PASSED] - click(findTestObject("Object Repository/Page_CURA Healthcare Service/button_Login")): Object: 'Object Repository/Page_CURA Healthcare Service/button_Login' is clicked on

2023-01-25 08:08:31 - [MESSAGE][PASSED] - Object: 'Object Repository/Page_CURA Healthcare Service/button_Login' is clicked on]]></system-out>
         <system-err><![CDATA[]]></system-err>
      </testcase>
      <testcase name="Test Cases/BookingAnAppointment" time="15.651" classname="Test Cases/BookingAnAppointment" status="PASSED">
         <system-out><![CDATA[2023-01-25 08:08:31 - [TEST_CASE][PASSED] - Test Cases/BookingAnAppointment: Test Cases/BookingAnAppointment

2023-01-25 08:08:31 - [TEST_STEP][PASSED] - callTestCase(findTestCase("Login"), [:], STOP_ON_FAILURE): Call Test Case 'Test Cases/Login' successfully

2023-01-25 08:08:31 - [TEST_CASE][PASSED] - Test Cases/Login: Test Cases/Login

2023-01-25 08:08:31 - [TEST_STEP][PASSED] - openBrowser(""): Browser is opened with url: ''

2023-01-25 08:08:31 - [MESSAGE][WARNING] - A browser is already opened. Closing browser and opening a new one

2023-01-25 08:08:32 - [MESSAGE][INFO] - Starting 'Chrome' driver

2023-01-25 08:08:32 - [MESSAGE][INFO] - Action delay is set to 0 milliseconds

2023-01-25 08:08:33 - [MESSAGE][PASSED] - Browser is opened with url: ''

2023-01-25 08:08:33 - [TEST_STEP][PASSED] - navigateToUrl("https://katalon-demo-cura.herokuapp.com/"): Navigate to 'https://katalon-demo-cura.herokuapp.com/' successfully

2023-01-25 08:08:39 - [MESSAGE][PASSED] - Navigate to 'https://katalon-demo-cura.herokuapp.com/' successfully

2023-01-25 08:08:39 - [TEST_STEP][PASSED] - click(findTestObject("Object Repository/Page_CURA Healthcare Service/a_Make Appointment")): Object: 'Object Repository/Page_CURA Healthcare Service/a_Make Appointment' is clicked on

2023-01-25 08:08:40 - [MESSAGE][PASSED] - Object: 'Object Repository/Page_CURA Healthcare Service/a_Make Appointment' is clicked on

2023-01-25 08:08:40 - [TEST_STEP][PASSED] - setText(findTestObject("Object Repository/Page_CURA Healthcare Service/input_Username_username"), "John Doe"): Text 'John Doe' is set on object 'Object Repository/Page_CURA Healthcare Service/input_Username_username'

2023-01-25 08:08:41 - [MESSAGE][PASSED] - Text 'John Doe' is set on object 'Object Repository/Page_CURA Healthcare Service/input_Username_username'

2023-01-25 08:08:41 - [TEST_STEP][PASSED] - setEncryptedText(findTestObject("Object Repository/Page_CURA Healthcare Service/input_Password_password"), "g3/DOGG74jC3Flrr3yH+3D/yKbOqqUNM"): Text ****** has been set on object 'Object Repository/Page_CURA Healthcare Service/input_Password_password'

2023-01-25 08:08:41 - [MESSAGE][PASSED] - Text ****** has been set on object 'Object Repository/Page_CURA Healthcare Service/input_Password_password'

2023-01-25 08:08:41 - [TEST_STEP][PASSED] - click(findTestObject("Object Repository/Page_CURA Healthcare Service/button_Login")): Object: 'Object Repository/Page_CURA Healthcare Service/button_Login' is clicked on

2023-01-25 08:08:42 - [MESSAGE][PASSED] - Object: 'Object Repository/Page_CURA Healthcare Service/button_Login' is clicked on

2023-01-25 08:08:42 - [MESSAGE][PASSED] - Call Test Case 'Test Cases/Login' successfully

2023-01-25 08:08:42 - [TEST_STEP][PASSED] - selectOptionByValue(findTestObject("Object Repository/Page_CURA Healthcare Service/select_Tokyo CURA Healthcare Center        _5b4107"), "Hongkong CURA Healthcare Center", true): All options with value 'Hongkong CURA Healthcare Center' are selected in object 'Object Repository/Page_CURA Healthcare Service/select_Tokyo CURA Healthcare Center        _5b4107'  using regular expression

2023-01-25 08:08:43 - [MESSAGE][PASSED] - All options with value 'Hongkong CURA Healthcare Center' are selected in object 'Object Repository/Page_CURA Healthcare Service/select_Tokyo CURA Healthcare Center        _5b4107'  using regular expression

2023-01-25 08:08:43 - [TEST_STEP][PASSED] - click(findTestObject("Object Repository/Page_CURA Healthcare Service/input_Apply for hospital readmission_hospit_63901f")): Object: 'Object Repository/Page_CURA Healthcare Service/input_Apply for hospital readmission_hospit_63901f' is clicked on

2023-01-25 08:08:44 - [MESSAGE][PASSED] - Object: 'Object Repository/Page_CURA Healthcare Service/input_Apply for hospital readmission_hospit_63901f' is clicked on

2023-01-25 08:08:44 - [TEST_STEP][PASSED] - click(findTestObject("Object Repository/Page_CURA Healthcare Service/input_Medicaid_programs")): Object: 'Object Repository/Page_CURA Healthcare Service/input_Medicaid_programs' is clicked on

2023-01-25 08:08:44 - [MESSAGE][PASSED] - Object: 'Object Repository/Page_CURA Healthcare Service/input_Medicaid_programs' is clicked on

2023-01-25 08:08:44 - [TEST_STEP][PASSED] - click(findTestObject("Object Repository/Page_CURA Healthcare Service/input_Visit Date (Required)_visit_date")): Object: 'Object Repository/Page_CURA Healthcare Service/input_Visit Date (Required)_visit_date' is clicked on

2023-01-25 08:08:44 - [MESSAGE][PASSED] - Object: 'Object Repository/Page_CURA Healthcare Service/input_Visit Date (Required)_visit_date' is clicked on

2023-01-25 08:08:44 - [TEST_STEP][PASSED] - click(findTestObject("Object Repository/Page_CURA Healthcare Service/td_31")): Object: 'Object Repository/Page_CURA Healthcare Service/td_31' is clicked on

2023-01-25 08:08:45 - [MESSAGE][PASSED] - Object: 'Object Repository/Page_CURA Healthcare Service/td_31' is clicked on

2023-01-25 08:08:45 - [TEST_STEP][PASSED] - setText(findTestObject("Object Repository/Page_CURA Healthcare Service/textarea_Comment_comment"), "Practicing automation testing"): Text 'Practicing automation testing' is set on object 'Object Repository/Page_CURA Healthcare Service/textarea_Comment_comment'

2023-01-25 08:08:46 - [MESSAGE][PASSED] - Text 'Practicing automation testing' is set on object 'Object Repository/Page_CURA Healthcare Service/textarea_Comment_comment'

2023-01-25 08:08:46 - [TEST_STEP][PASSED] - click(findTestObject("Object Repository/Page_CURA Healthcare Service/button_Book Appointment")): Object: 'Object Repository/Page_CURA Healthcare Service/button_Book Appointment' is clicked on

2023-01-25 08:08:46 - [MESSAGE][PASSED] - Object: 'Object Repository/Page_CURA Healthcare Service/button_Book Appointment' is clicked on]]></system-out>
         <system-err><![CDATA[]]></system-err>
      </testcase>
      <system-out><![CDATA[2023-01-25 08:08:21 - [TEST_SUITE][PASSED] - LoginandBooking: Test Cases/BookingAnAppointment]]></system-out>
      <system-err><![CDATA[]]></system-err>
   </testsuite>
</testsuites>
